# JRE version: Java(TM) SE Runtime Environment (8.0_181-b13) (build 1.8.0_181-b13)
# Java VM: Java HotSpot(TM) 64-Bit Server VM (25.181-b13 mixed mode windows-amd64 compressed oops)
Heap:
 PSYoungGen      total 127488K, used 28560K [0x0000000715b80000, 0x000000071e680000, 0x00000007c0000000)
  eden space 117760K, 16% used [0x0000000715b80000,0x0000000716dfe478,0x000000071ce80000)
  from space 9728K, 98% used [0x000000071d180000,0x000000071dae5e88,0x000000071db00000)
  to   space 11776K, 0% used [0x000000071db00000,0x000000071db00000,0x000000071e680000)
 ParOldGen       total 143872K, used 12063K [0x00000005c1200000, 0x00000005c9e80000, 0x0000000715b80000)
  object space 143872K, 8% used [0x00000005c1200000,0x00000005c1dc7e98,0x00000005c9e80000)
 Metaspace       used 28045K, capacity 29358K, committed 29568K, reserved 1075200K
  class space    used 3668K, capacity 3916K, committed 3968K, reserved 1048576K
GC Heap History (10 events):
Event: 22.920 GC heap before
{Heap before GC invocations=6 (full 1):
 PSYoungGen      total 153088K, used 140826K [0x0000000715b80000, 0x0000000720600000, 0x00000007c0000000)
  eden space 131584K, 100% used [0x0000000715b80000,0x000000071dc00000,0x000000071dc00000)
  from space 21504K, 42% used [0x000000071f100000,0x000000071fa06820,0x0000000720600000)
  to   space 21504K, 0% used [0x000000071dc00000,0x000000071dc00000,0x000000071f100000)
 ParOldGen       total 143872K, used 12023K [0x00000005c1200000, 0x00000005c9e80000, 0x0000000715b80000)
  object space 143872K, 8% used [0x00000005c1200000,0x00000005c1dbde98,0x00000005c9e80000)
 Metaspace       used 27581K, capacity 28864K, committed 29056K, reserved 1075200K
  class space    used 3648K, capacity 3907K, committed 3968K, reserved 1048576K
Event: 22.924 GC heap after
Heap after GC invocations=6 (full 1):
 PSYoungGen      total 138240K, used 9575K [0x0000000715b80000, 0x000000071f300000, 0x00000007c0000000)
  eden space 128512K, 0% used [0x0000000715b80000,0x0000000715b80000,0x000000071d900000)
  from space 9728K, 98% used [0x000000071dc00000,0x000000071e559e48,0x000000071e580000)
  to   space 13312K, 0% used [0x000000071e600000,0x000000071e600000,0x000000071f300000)
 ParOldGen       total 143872K, used 12031K [0x00000005c1200000, 0x00000005c9e80000, 0x0000000715b80000)
  object space 143872K, 8% used [0x00000005c1200000,0x00000005c1dbfe98,0x00000005c9e80000)
 Metaspace       used 27581K, capacity 28864K, committed 29056K, reserved 1075200K
  class space    used 3648K, capacity 3907K, committed 3968K, reserved 1048576K
}
Event: 39.824 GC heap before
{Heap before GC invocations=7 (full 1):
 PSYoungGen      total 138240K, used 138087K [0x0000000715b80000, 0x000000071f300000, 0x00000007c0000000)
  eden space 128512K, 100% used [0x0000000715b80000,0x000000071d900000,0x000000071d900000)
  from space 9728K, 98% used [0x000000071dc00000,0x000000071e559e48,0x000000071e580000)
  to   space 13312K, 0% used [0x000000071e600000,0x000000071e600000,0x000000071f300000)
 ParOldGen       total 143872K, used 12031K [0x00000005c1200000, 0x00000005c9e80000, 0x0000000715b80000)
  object space 143872K, 8% used [0x00000005c1200000,0x00000005c1dbfe98,0x00000005c9e80000)
 Metaspace       used 27696K, capacity 29082K, committed 29312K, reserved 1075200K
  class space    used 3653K, capacity 3912K, committed 3968K, reserved 1048576K
Event: 39.828 GC heap after
Heap after GC invocations=7 (full 1):
 PSYoungGen      total 135168K, used 9562K [0x0000000715b80000, 0x000000071ef80000, 0x00000007c0000000)
  eden space 125440K, 0% used [0x0000000715b80000,0x0000000715b80000,0x000000071d600000)
  from space 9728K, 98% used [0x000000071e600000,0x000000071ef56820,0x000000071ef80000)
  to   space 12800K, 0% used [0x000000071d680000,0x000000071d680000,0x000000071e300000)
 ParOldGen       total 143872K, used 12039K [0x00000005c1200000, 0x00000005c9e80000, 0x0000000715b80000)
  object space 143872K, 8% used [0x00000005c1200000,0x00000005c1dc1e98,0x00000005c9e80000)
 Metaspace       used 27696K, capacity 29082K, committed 29312K, reserved 1075200K
  class space    used 3653K, capacity 3912K, committed 3968K, reserved 1048576K
}
Event: 151.915 GC heap before
{Heap before GC invocations=8 (full 1):
 PSYoungGen      total 135168K, used 135002K [0x0000000715b80000, 0x000000071ef80000, 0x00000007c0000000)
  eden space 125440K, 100% used [0x0000000715b80000,0x000000071d600000,0x000000071d600000)
  from space 9728K, 98% used [0x000000071e600000,0x000000071ef56820,0x000000071ef80000)
  to   space 12800K, 0% used [0x000000071d680000,0x000000071d680000,0x000000071e300000)
 ParOldGen       total 143872K, used 12039K [0x00000005c1200000, 0x00000005c9e80000, 0x0000000715b80000)
  object space 143872K, 8% used [0x00000005c1200000,0x00000005c1dc1e98,0x00000005c9e80000)
 Metaspace       used 27809K, capacity 29086K, committed 29312K, reserved 1075200K
  class space    used 3655K, capacity 3912K, committed 3968K, reserved 1048576K
Event: 151.919 GC heap after
Heap after GC invocations=8 (full 1):
 PSYoungGen      total 132608K, used 9669K [0x0000000715b80000, 0x000000071ec80000, 0x00000007c0000000)
  eden space 122880K, 0% used [0x0000000715b80000,0x0000000715b80000,0x000000071d380000)
  from space 9728K, 99% used [0x000000071d680000,0x000000071dff14b0,0x000000071e000000)
  to   space 12800K, 0% used [0x000000071e000000,0x000000071e000000,0x000000071ec80000)
 ParOldGen       total 143872K, used 12047K [0x00000005c1200000, 0x00000005c9e80000, 0x0000000715b80000)
  object space 143872K, 8% used [0x00000005c1200000,0x00000005c1dc3e98,0x00000005c9e80000)
 Metaspace       used 27809K, capacity 29086K, committed 29312K, reserved 1075200K
  class space    used 3655K, capacity 3912K, committed 3968K, reserved 1048576K
}
Event: 292.342 GC heap before
{Heap before GC invocations=9 (full 1):
 PSYoungGen      total 132608K, used 132549K [0x0000000715b80000, 0x000000071ec80000, 0x00000007c0000000)
  eden space 122880K, 100% used [0x0000000715b80000,0x000000071d380000,0x000000071d380000)
  from space 9728K, 99% used [0x000000071d680000,0x000000071dff14b0,0x000000071e000000)
  to   space 12800K, 0% used [0x000000071e000000,0x000000071e000000,0x000000071ec80000)
 ParOldGen       total 143872K, used 12047K [0x00000005c1200000, 0x00000005c9e80000, 0x0000000715b80000)
  object space 143872K, 8% used [0x00000005c1200000,0x00000005c1dc3e98,0x00000005c9e80000)
 Metaspace       used 27866K, capacity 29214K, committed 29312K, reserved 1075200K
  class space    used 3655K, capacity 3912K, committed 3968K, reserved 1048576K
Event: 292.346 GC heap after
Heap after GC invocations=9 (full 1):
 PSYoungGen      total 130048K, used 9637K [0x0000000715b80000, 0x000000071e980000, 0x00000007c0000000)
  eden space 120320K, 0% used [0x0000000715b80000,0x0000000715b80000,0x000000071d100000)
  from space 9728K, 99% used [0x000000071e000000,0x000000071e969540,0x000000071e980000)
  to   space 12288K, 0% used [0x000000071d180000,0x000000071d180000,0x000000071dd80000)
 ParOldGen       total 143872K, used 12055K [0x00000005c1200000, 0x00000005c9e80000, 0x0000000715b80000)
  object space 143872K, 8% used [0x00000005c1200000,0x00000005c1dc5e98,0x00000005c9e80000)
 Metaspace       used 27866K, capacity 29214K, committed 29312K, reserved 1075200K
  class space    used 3655K, capacity 3912K, committed 3968K, reserved 1048576K
}
Event: 336.514 GC heap before
{Heap before GC invocations=10 (full 1):
 PSYoungGen      total 130048K, used 129957K [0x0000000715b80000, 0x000000071e980000, 0x00000007c0000000)
  eden space 120320K, 100% used [0x0000000715b80000,0x000000071d100000,0x000000071d100000)
  from space 9728K, 99% used [0x000000071e000000,0x000000071e969540,0x000000071e980000)
  to   space 12288K, 0% used [0x000000071d180000,0x000000071d180000,0x000000071dd80000)
 ParOldGen       total 143872K, used 12055K [0x00000005c1200000, 0x00000005c9e80000, 0x0000000715b80000)
  object space 143872K, 8% used [0x00000005c1200000,0x00000005c1dc5e98,0x00000005c9e80000)
 Metaspace       used 27982K, capacity 29294K, committed 29568K, reserved 1075200K
  class space    used 3664K, capacity 3916K, committed 3968K, reserved 1048576K
Event: 336.517 GC heap after
Heap after GC invocations=10 (full 1):
 PSYoungGen      total 127488K, used 9623K [0x0000000715b80000, 0x000000071e680000, 0x00000007c0000000)
  eden space 117760K, 0% used [0x0000000715b80000,0x0000000715b80000,0x000000071ce80000)
  from space 9728K, 98% used [0x000000071d180000,0x000000071dae5e88,0x000000071db00000)
  to   space 11776K, 0% used [0x000000071db00000,0x000000071db00000,0x000000071e680000)
 ParOldGen       total 143872K, used 12063K [0x00000005c1200000, 0x00000005c9e80000, 0x0000000715b80000)
  object space 143872K, 8% used [0x00000005c1200000,0x00000005c1dc7e98,0x00000005c9e80000)
 Metaspace       used 27982K, capacity 29294K, committed 29568K, reserved 1075200K
  class space    used 3664K, capacity 3916K, committed 3968K, reserved 1048576K
}

